Using pre-set license
Built from '2020.3/release' branch; Version is '2020.3.31f1 (6b54b7616050) revision 7034039'; Using compiler version '192528614'; Build Type 'Release'
OS: 'Windows 10  (10.0.19044) 64bit Professional' Language: 'en' Physical Memory: 16295 MB
BatchMode: 1, IsHumanControllingUs: 0, StartBugReporterOnCrash: 0, Is64bit: 1, IsPro: 0

COMMAND LINE ARGUMENTS:
C:\Program Files\Unity\Hub\Editor\2020.3.31f1\Editor\Unity.exe
-adb2
-batchMode
-noUpm
-name
AssetImportWorker0
-projectPath
C:/Users/Maks/Documents/GitHub/Towers
-logFile
Logs/AssetImportWorker0.log
-srvPort
63897
Successfully changed project path to: C:/Users/Maks/Documents/GitHub/Towers
C:/Users/Maks/Documents/GitHub/Towers
Using Asset Import Pipeline V2.
Refreshing native plugins compatible for Editor in 76.92 ms, found 3 plugins.
Preloading 0 native plugins for Editor in 0.00 ms.
Initialize engine version: 2020.3.31f1 (6b54b7616050)
[Subsystems] Discovering subsystems at path C:/Program Files/Unity/Hub/Editor/2020.3.31f1/Editor/Data/Resources/UnitySubsystems
[Subsystems] Discovering subsystems at path C:/Users/Maks/Documents/GitHub/Towers/Assets
GfxDevice: creating device client; threaded=0
Direct3D:
    Version:  Direct3D 11.0 [level 11.1]
    Renderer: NVIDIA GeForce GTX 1080 Ti (ID=0x1b06)
    Vendor:   
    VRAM:     11128 MB
    Driver:   30.0.15.1123
Initialize mono
Mono path[0] = 'C:/Program Files/Unity/Hub/Editor/2020.3.31f1/Editor/Data/Managed'
Mono path[1] = 'C:/Program Files/Unity/Hub/Editor/2020.3.31f1/Editor/Data/MonoBleedingEdge/lib/mono/unityjit'
Mono config path = 'C:/Program Files/Unity/Hub/Editor/2020.3.31f1/Editor/Data/MonoBleedingEdge/etc'
Using monoOptions --debugger-agent=transport=dt_socket,embedding=1,server=y,suspend=n,address=127.0.0.1:56792
Begin MonoManager ReloadAssembly
Registering precompiled unity dll's ...
Register platform support module: C:/Program Files/Unity/Hub/Editor/2020.3.31f1/Editor/Data/PlaybackEngines/WebGLSupport/UnityEditor.WebGL.Extensions.dll
Register platform support module: C:/Program Files/Unity/Hub/Editor/2020.3.31f1/Editor/Data/PlaybackEngines/WindowsStandaloneSupport/UnityEditor.WindowsStandalone.Extensions.dll
Registered in 0.002181 seconds.
Native extension for WindowsStandalone target not found
Native extension for WebGL target not found
Refreshing native plugins compatible for Editor in 95.32 ms, found 3 plugins.
Preloading 0 native plugins for Editor in 0.00 ms.
Mono: successfully reloaded assembly
- Completed reload, in  0.524 seconds
Domain Reload Profiling:
	ReloadAssembly (524ms)
		BeginReloadAssembly (54ms)
			ExecutionOrderSort (0ms)
			DisableScriptedObjects (0ms)
			BackupInstance (0ms)
			ReleaseScriptingObjects (0ms)
			CreateAndSetChildDomain (1ms)
		EndReloadAssembly (408ms)
			LoadAssemblies (52ms)
			RebuildTransferFunctionScriptingTraits (0ms)
			SetupTypeCache (114ms)
			ReleaseScriptCaches (0ms)
			RebuildScriptCaches (24ms)
			SetupLoadedEditorAssemblies (196ms)
				LogAssemblyErrors (0ms)
				InitializePlatformSupportModulesInManaged (4ms)
				SetLoadedEditorAssemblies (0ms)
				RefreshPlugins (95ms)
				BeforeProcessingInitializeOnLoad (12ms)
				ProcessInitializeOnLoadAttributes (63ms)
				ProcessInitializeOnLoadMethodAttributes (20ms)
				AfterProcessingInitializeOnLoad (0ms)
				EditorAssembliesLoaded (0ms)
			ExecutionOrderSort2 (0ms)
			AwakeInstancesAfterBackupRestoration (0ms)
Platform modules already initialized, skipping
Registering precompiled user dll's ...
Registered in 0.003023 seconds.
Begin MonoManager ReloadAssembly
Native extension for WindowsStandalone target not found
Native extension for WebGL target not found
Refreshing native plugins compatible for Editor in 78.35 ms, found 3 plugins.
Preloading 0 native plugins for Editor in 0.00 ms.
Mono: successfully reloaded assembly
- Completed reload, in  0.917 seconds
Domain Reload Profiling:
	ReloadAssembly (918ms)
		BeginReloadAssembly (125ms)
			ExecutionOrderSort (0ms)
			DisableScriptedObjects (4ms)
			BackupInstance (0ms)
			ReleaseScriptingObjects (0ms)
			CreateAndSetChildDomain (17ms)
		EndReloadAssembly (741ms)
			LoadAssemblies (81ms)
			RebuildTransferFunctionScriptingTraits (0ms)
			SetupTypeCache (221ms)
			ReleaseScriptCaches (0ms)
			RebuildScriptCaches (39ms)
			SetupLoadedEditorAssemblies (316ms)
				LogAssemblyErrors (0ms)
				InitializePlatformSupportModulesInManaged (4ms)
				SetLoadedEditorAssemblies (0ms)
				RefreshPlugins (78ms)
				BeforeProcessingInitializeOnLoad (70ms)
				ProcessInitializeOnLoadAttributes (146ms)
				ProcessInitializeOnLoadMethodAttributes (12ms)
				AfterProcessingInitializeOnLoad (6ms)
				EditorAssembliesLoaded (0ms)
			ExecutionOrderSort2 (0ms)
			AwakeInstancesAfterBackupRestoration (5ms)
Platform modules already initialized, skipping
========================================================================
Worker process is ready to serve import requests
Launched and connected shader compiler UnityShaderCompiler.exe after 0.04 seconds
Refreshing native plugins compatible for Editor in 0.95 ms, found 3 plugins.
Preloading 0 native plugins for Editor in 0.00 ms.
Unloading 2234 Unused Serialized files (Serialized files now loaded: 0)
System memory in use before: 102.3 MB.
System memory in use after: 102.2 MB.

Unloading 31 unused Assets to reduce memory usage. Loaded Objects now: 2669.
Total: 2.826000 ms (FindLiveObjects: 0.164200 ms CreateObjectMapping: 0.048100 ms MarkObjects: 2.434900 ms  DeleteObjects: 0.178200 ms)

AssetImportParameters requested are different than current active one (requested -> active):
  requireTextureImportCompression: false -> true
  custom:framework-win-MediaFoundation: 216162199b28c13a410421893ffa2e32 -> 
  custom:video-decoder-ogg-theora: a1e56fd34408186e4bbccfd4996cb3dc -> 
  custom:container-muxer-webm: aa71ff27fc2769a1b78a27578f13a17b -> 
  custom:container-demuxer-webm: 4f35f7cbe854078d1ac9338744f61a02 -> 
  custom:container-demuxer-ogg: 62fdf1f143b41e24485cea50d1cbac27 -> 
  custom:video-encoder-webm-vp8: eb34c28f22e8b96e1ab97ce403110664 -> 
  custom:video-decoder-webm-vp8: 9c59270c3fd7afecdb556c50c9e8de78 -> 
  custom:audio-decoder-ogg-vorbis: bf7c407c2cedff20999df2af8eb42d56 -> 
  custom:audio-encoder-webm-vorbis: bf7c407c2cedff20999df2af8eb42d56 -> 
========================================================================
Received Import Request.
  path: Assets/Graphics/Sprite/Environment/Pipoya RPG Tileset 32x32/[A]_type3/[A]Grass4_pipo.png
  artifactKey: Guid(928da5431b8918f4f9608d54f730a3a1) Importer(815301076,1909f56bfc062723c751e8b465ee728b)
Start importing Assets/Graphics/Sprite/Environment/Pipoya RPG Tileset 32x32/[A]_type3/[A]Grass4_pipo.png using Guid(928da5431b8918f4f9608d54f730a3a1) Importer(815301076,1909f56bfc062723c751e8b465ee728b)  -> (artifact id: 'd206b32f151fef2a0c3f780ebff08afa') in 0.068017 seconds 
========================================================================
Received Import Request.
  Time since last request: 6.262799 seconds.
  path: Assets/Graphics/Sprite/Environment/Pipoya RPG Tileset 32x32/[A]_type3/[A]Grass4_pipo.png
  artifactKey: Guid(928da5431b8918f4f9608d54f730a3a1) Importer(815301076,1909f56bfc062723c751e8b465ee728b)
Start importing Assets/Graphics/Sprite/Environment/Pipoya RPG Tileset 32x32/[A]_type3/[A]Grass4_pipo.png using Guid(928da5431b8918f4f9608d54f730a3a1) Importer(815301076,1909f56bfc062723c751e8b465ee728b)  -> (artifact id: '0b509c411b5c06f2bb9db521e934cab6') in 0.011687 seconds 
========================================================================
Received Import Request.
  Time since last request: 10.951755 seconds.
  path: Assets/Graphics/Sprite/Environment/Pipoya RPG Tileset 32x32/[A]_type3/[A]Grass4_pipo.png
  artifactKey: Guid(928da5431b8918f4f9608d54f730a3a1) Importer(815301076,1909f56bfc062723c751e8b465ee728b)
Start importing Assets/Graphics/Sprite/Environment/Pipoya RPG Tileset 32x32/[A]_type3/[A]Grass4_pipo.png using Guid(928da5431b8918f4f9608d54f730a3a1) Importer(815301076,1909f56bfc062723c751e8b465ee728b)  -> (artifact id: '8b03d6e69b033e7d723b1a20ae0c93f1') in 0.101709 seconds 
========================================================================
Received Import Request.
  Time since last request: 52.313981 seconds.
  path: Assets/Graphics/Sprite/Environment/Pipoya RPG Tileset 32x32/[A]_type3/[A]Grass1-Grass4_pipo.png
  artifactKey: Guid(f937d3504244b0d41bb76f3c5e595b9a) Importer(815301076,1909f56bfc062723c751e8b465ee728b)
Start importing Assets/Graphics/Sprite/Environment/Pipoya RPG Tileset 32x32/[A]_type3/[A]Grass1-Grass4_pipo.png using Guid(f937d3504244b0d41bb76f3c5e595b9a) Importer(815301076,1909f56bfc062723c751e8b465ee728b)  -> (artifact id: '7ced9c1c238ac815e7deeac5d36830ba') in 0.010577 seconds 
========================================================================
Received Import Request.
  Time since last request: 4.979102 seconds.
  path: Assets/Graphics/Sprite/Environment/Pipoya RPG Tileset 32x32/[A]_type3/[A]Grass1-Grass4_pipo.png
  artifactKey: Guid(f937d3504244b0d41bb76f3c5e595b9a) Importer(815301076,1909f56bfc062723c751e8b465ee728b)
Start importing Assets/Graphics/Sprite/Environment/Pipoya RPG Tileset 32x32/[A]_type3/[A]Grass1-Grass4_pipo.png using Guid(f937d3504244b0d41bb76f3c5e595b9a) Importer(815301076,1909f56bfc062723c751e8b465ee728b)  -> (artifact id: '794048f270674a5eee6c06b3f3ab73c7') in 0.080385 seconds 
========================================================================
Received Import Request.
  Time since last request: 586.179246 seconds.
  path: Assets/Graphics/Sprite/Environment/Pipoya RPG Tileset 32x32/[A]_type3/[A]Dirt3_pipo.png
  artifactKey: Guid(860c4eaa3181d534bb99252addc324fc) Importer(815301076,1909f56bfc062723c751e8b465ee728b)
Start importing Assets/Graphics/Sprite/Environment/Pipoya RPG Tileset 32x32/[A]_type3/[A]Dirt3_pipo.png using Guid(860c4eaa3181d534bb99252addc324fc) Importer(815301076,1909f56bfc062723c751e8b465ee728b)  -> (artifact id: '3733f33ea7fcde9ffc0476447a42b403') in 0.009928 seconds 
========================================================================
Received Import Request.
  Time since last request: 7.593633 seconds.
  path: Assets/Graphics/Sprite/Environment/Pipoya RPG Tileset 32x32/[A]_type3/[A]Dirt3_pipo.png
  artifactKey: Guid(860c4eaa3181d534bb99252addc324fc) Importer(815301076,1909f56bfc062723c751e8b465ee728b)
Start importing Assets/Graphics/Sprite/Environment/Pipoya RPG Tileset 32x32/[A]_type3/[A]Dirt3_pipo.png using Guid(860c4eaa3181d534bb99252addc324fc) Importer(815301076,1909f56bfc062723c751e8b465ee728b)  -> (artifact id: '0d3fa21c18ddb9f0e01c4e4438cfed92') in 0.078522 seconds 
========================================================================
Received Import Request.
  Time since last request: 879.425266 seconds.
  path: Assets/Graphics/Sprite/Allies/Medieval Warrior Pack
  artifactKey: Guid(dd692709a7fcdbb44bee3a4f63030379) Importer(815301076,1909f56bfc062723c751e8b465ee728b)
Start importing Assets/Graphics/Sprite/Allies/Medieval Warrior Pack using Guid(dd692709a7fcdbb44bee3a4f63030379) Importer(815301076,1909f56bfc062723c751e8b465ee728b)  -> (artifact id: 'c7a9a4edc35164dd72b31f89c242958a') in 0.005607 seconds 
========================================================================
Received Import Request.
  Time since last request: 24.544521 seconds.
  path: Assets/Graphics/Sprite/Allies/Medieval Warrior Pack/Attack1.png
  artifactKey: Guid(1b15eece274230949aade85949effa82) Importer(815301076,1909f56bfc062723c751e8b465ee728b)
Start importing Assets/Graphics/Sprite/Allies/Medieval Warrior Pack/Attack1.png using Guid(1b15eece274230949aade85949effa82) Importer(815301076,1909f56bfc062723c751e8b465ee728b)  -> (artifact id: '37c12752dfa83775539fee62a13b70bc') in 0.011363 seconds 
========================================================================
Received Import Request.
  Time since last request: 61.307098 seconds.
  path: Assets/Graphics/Sprite/Allies/Medieval Warrior Pack/Attack1.png
  artifactKey: Guid(1b15eece274230949aade85949effa82) Importer(815301076,1909f56bfc062723c751e8b465ee728b)
Start importing Assets/Graphics/Sprite/Allies/Medieval Warrior Pack/Attack1.png using Guid(1b15eece274230949aade85949effa82) Importer(815301076,1909f56bfc062723c751e8b465ee728b)  -> (artifact id: 'b3b8f439e3bac81327d6aa63c27259bb') in 0.024395 seconds 
========================================================================
Received Import Request.
  Time since last request: 15.720502 seconds.
  path: Assets/Graphics/Sprite/Allies/Medieval Warrior Pack/Attack1.png
  artifactKey: Guid(1b15eece274230949aade85949effa82) Importer(815301076,1909f56bfc062723c751e8b465ee728b)
Start importing Assets/Graphics/Sprite/Allies/Medieval Warrior Pack/Attack1.png using Guid(1b15eece274230949aade85949effa82) Importer(815301076,1909f56bfc062723c751e8b465ee728b)  -> (artifact id: 'b2de54d2c01d9ff9775fdd94664bc443') in 0.018042 seconds 
========================================================================
Received Import Request.
  Time since last request: 18.147946 seconds.
  path: Assets/Graphics/Sprite/Allies/Medieval Warrior Pack/Attack1.png
  artifactKey: Guid(1b15eece274230949aade85949effa82) Importer(815301076,1909f56bfc062723c751e8b465ee728b)
Start importing Assets/Graphics/Sprite/Allies/Medieval Warrior Pack/Attack1.png using Guid(1b15eece274230949aade85949effa82) Importer(815301076,1909f56bfc062723c751e8b465ee728b)  -> (artifact id: '02bebd766fdf62e73ed6ccfbf99264c7') in 0.018640 seconds 
========================================================================
Received Import Request.
  Time since last request: 11.749880 seconds.
  path: Assets/Graphics/Sprite/Allies/Medieval Warrior Pack/Attack1.png
  artifactKey: Guid(1b15eece274230949aade85949effa82) Importer(815301076,1909f56bfc062723c751e8b465ee728b)
Start importing Assets/Graphics/Sprite/Allies/Medieval Warrior Pack/Attack1.png using Guid(1b15eece274230949aade85949effa82) Importer(815301076,1909f56bfc062723c751e8b465ee728b)  -> (artifact id: '5f472cc1c4da976441e090e4679b332d') in 0.018018 seconds 
========================================================================
Received Import Request.
  Time since last request: 2950.416256 seconds.
  path: Assets/Graphics/Sprite/Environment/Pipoya RPG Tileset 32x32/[Base]BaseChip_pipo.png
  artifactKey: Guid(438ccffda6ff9704b81fb426628ec126) Importer(815301076,1909f56bfc062723c751e8b465ee728b)
Start importing Assets/Graphics/Sprite/Environment/Pipoya RPG Tileset 32x32/[Base]BaseChip_pipo.png using Guid(438ccffda6ff9704b81fb426628ec126) Importer(815301076,1909f56bfc062723c751e8b465ee728b)  -> (artifact id: '0b30cd00d707532455a8fddbba79919d') in 1.586933 seconds 
========================================================================
Received Import Request.
  Time since last request: 127.735247 seconds.
  path: Assets/Graphics/Sprite/Environment/Pipoya RPG Tileset 32x32/[Base]BaseChip_pipo.png
  artifactKey: Guid(438ccffda6ff9704b81fb426628ec126) Importer(815301076,1909f56bfc062723c751e8b465ee728b)
Start importing Assets/Graphics/Sprite/Environment/Pipoya RPG Tileset 32x32/[Base]BaseChip_pipo.png using Guid(438ccffda6ff9704b81fb426628ec126) Importer(815301076,1909f56bfc062723c751e8b465ee728b)  -> (artifact id: '69c16c515a8416c928f92af7583095e5') in 1.528160 seconds 
AssetImportWorkerClient::OnTransportError - code=2 error=End of file
